<?xml version="1.0" encoding="UTF-8"?>
<!-- Generated by org.testng.reporters.JUnitReportReporter -->
<testsuite hostname="Alans-MBP.realtek" failures="0" tests="1" name="TestCases.TC02" time="4.429" errors="0" timestamp="2023-03-19T23:59:30 MYT" skipped="0">
  <testcase classname="TestCases.TC02" name="TC02" time="4.429"/>
  <system-out/>
</testsuite> <!-- TestCases.TC02 -->
